d:\cprogramme\lane_cnn\lane_cnn\x64\release\vc140.pdb
d:\cprogramme\lane_cnn\lane_cnn\x64\release\main.obj
d:\cprogramme\lane_cnn\lane_cnn\x64\release\semantic_seg.obj
d:\cprogramme\lane_cnn\lane_cnn\x64\release\common.obj
d:\cprogramme\lane_cnn\lane_cnn\x64\release\tensor.obj
d:\cprogramme\lane_cnn\lane_cnn\x64\release\resize_layer.obj
d:\cprogramme\lane_cnn\lane_cnn\x64\release\relu_layer.obj
d:\cprogramme\lane_cnn\lane_cnn\x64\release\pooling_layer.obj
d:\cprogramme\lane_cnn\lane_cnn\x64\release\net.obj
d:\cprogramme\lane_cnn\lane_cnn\x64\release\memory.obj
d:\cprogramme\lane_cnn\lane_cnn\x64\release\layer.obj
d:\cprogramme\lane_cnn\lane_cnn\x64\release\conv_layer.obj
d:\cprogramme\lane_cnn\lane_cnn\x64\release\concat_layer.obj
d:\cprogramme\lane_cnn\lane_cnn\x64\release\cnn_common.obj
d:\cprogramme\lane_cnn\lane_cnn\x64\release\batch_norm_layer.obj
d:\cprogramme\lane_cnn\x64\release\lane_cnn.exe
d:\cprogramme\lane_cnn\x64\release\lane_cnn.ipdb
d:\cprogramme\lane_cnn\x64\release\lane_cnn.iobj
d:\cprogramme\lane_cnn\x64\release\lane_cnn.pdb
d:\cprogramme\lane_cnn\lane_cnn\x64\release\lane_cnn.tlog\cl.command.1.tlog
d:\cprogramme\lane_cnn\lane_cnn\x64\release\lane_cnn.tlog\cl.read.1.tlog
d:\cprogramme\lane_cnn\lane_cnn\x64\release\lane_cnn.tlog\cl.write.1.tlog
d:\cprogramme\lane_cnn\lane_cnn\x64\release\lane_cnn.tlog\link.command.1.tlog
d:\cprogramme\lane_cnn\lane_cnn\x64\release\lane_cnn.tlog\link.read.1.tlog
d:\cprogramme\lane_cnn\lane_cnn\x64\release\lane_cnn.tlog\link.write.1.tlog
