d:\cprogramme\lane_cnn\lane_cnn\x64\debug\vc140.pdb
d:\cprogramme\lane_cnn\lane_cnn\x64\debug\vc140.idb
d:\cprogramme\lane_cnn\lane_cnn\x64\debug\batch_norm_layer.obj
d:\cprogramme\lane_cnn\lane_cnn\x64\debug\conv_layer.obj
d:\cprogramme\lane_cnn\lane_cnn\x64\debug\layer.obj
d:\cprogramme\lane_cnn\lane_cnn\x64\debug\relu_layer.obj
d:\cprogramme\lane_cnn\lane_cnn\x64\debug\tensor.obj
d:\cprogramme\lane_cnn\lane_cnn\x64\debug\common.obj
d:\cprogramme\lane_cnn\lane_cnn\x64\debug\main.obj
d:\cprogramme\lane_cnn\lane_cnn\x64\debug\net.obj
d:\cprogramme\lane_cnn\lane_cnn\x64\debug\lane_detect.obj
d:\cprogramme\lane_cnn\lane_cnn\x64\debug\semantic_seg.obj
d:\cprogramme\lane_cnn\lane_cnn\x64\debug\memory.obj
d:\cprogramme\lane_cnn\lane_cnn\x64\debug\cnn_common.obj
d:\cprogramme\lane_cnn\x64\debug\lane_cnn.ilk
d:\cprogramme\lane_cnn\x64\debug\lane_cnn.exe
d:\cprogramme\lane_cnn\x64\debug\lane_cnn.pdb
d:\cprogramme\lane_cnn\lane_cnn\x64\debug\lane_cnn.tlog\cl.command.1.tlog
d:\cprogramme\lane_cnn\lane_cnn\x64\debug\lane_cnn.tlog\cl.read.1.tlog
d:\cprogramme\lane_cnn\lane_cnn\x64\debug\lane_cnn.tlog\cl.write.1.tlog
d:\cprogramme\lane_cnn\lane_cnn\x64\debug\lane_cnn.tlog\link.command.1.tlog
d:\cprogramme\lane_cnn\lane_cnn\x64\debug\lane_cnn.tlog\link.read.1.tlog
d:\cprogramme\lane_cnn\lane_cnn\x64\debug\lane_cnn.tlog\link.write.1.tlog
